[    0.000000] Initializing cgroup subsys cpuset
[    0.000000] Initializing cgroup subsys cpu
[    0.000000] Initializing cgroup subsys cpuacct
[    0.000000] Linux version 4.4.0-98-generic (buildd@lcy01-03) (gcc version 5.4.0 20160609 (Ubuntu 5.4.0-6ubuntu1~16.04.4) ) #121-Ubuntu SMP Tue Oct 10 14:24:03 UTC 2017 (Ubuntu 4.4.0-98.121-generic 4.4.90)
[    0.000000] Command line: BOOT_IMAGE=/boot/vmlinuz-4.4.0-98-generic root=LABEL=cloudimg-rootfs ro console=tty1 console=ttyS0
[    0.000000] KERNEL supported cpus:
[    0.000000]   Intel GenuineIntel
[    0.000000]   AMD AuthenticAMD
[    0.000000]   Centaur CentaurHauls
[    0.000000] x86/fpu: xstate_offset[2]:  576, xstate_sizes[2]:  256
[    0.000000] x86/fpu: Supporting XSAVE feature 0x01: 'x87 floating point registers'
[    0.000000] x86/fpu: Supporting XSAVE feature 0x02: 'SSE registers'
[    0.000000] x86/fpu: Supporting XSAVE feature 0x04: 'AVX registers'
[    0.000000] x86/fpu: Enabled xstate features 0x7, context size is 832 bytes, using 'standard' format.
[    0.000000] x86/fpu: Using 'lazy' FPU context switches.
[    0.000000] e820: BIOS-provided physical RAM map:
[    0.000000] BIOS-e820: [mem 0x0000000000000000-0x000000000009fbff] usable
[    0.000000] BIOS-e820: [mem 0x000000000009fc00-0x000000000009ffff] reserved
[    0.000000] BIOS-e820: [mem 0x00000000000f0000-0x00000000000fffff] reserved
[    0.000000] BIOS-e820: [mem 0x0000000000100000-0x000000003ffeffff] usable
[    0.000000] BIOS-e820: [mem 0x000000003fff0000-0x000000003fffffff] ACPI data
[    0.000000] BIOS-e820: [mem 0x00000000fec00000-0x00000000fec00fff] reserved
[    0.000000] BIOS-e820: [mem 0x00000000fee00000-0x00000000fee00fff] reserved
[    0.000000] BIOS-e820: [mem 0x00000000fffc0000-0x00000000ffffffff] reserved
[    0.000000] NX (Execute Disable) protection: active
[    0.000000] SMBIOS 2.5 present.
[    0.000000] Hypervisor detected: KVM
[    0.000000] e820: last_pfn = 0x3fff0 max_arch_pfn = 0x400000000
[    0.000000] MTRR: Disabled
[    0.000000] x86/PAT: MTRRs disabled, skipping PAT initialization too.
[    0.000000] CPU MTRRs all blank - virtualized system.
[    0.000000] x86/PAT: Configuration [0-7]: WB  WT  UC- UC  WB  WT  UC- UC  
[    0.000000] found SMP MP-table at [mem 0x0009fff0-0x0009ffff] mapped at [ffff88000009fff0]
[    0.000000] Scanning 1 areas for low memory corruption
[    0.000000] RAMDISK: [mem 0x36ac6000-0x3755afff]
[    0.000000] ACPI: Early table checksum verification disabled
[    0.000000] ACPI: RSDP 0x00000000000E0000 000024 (v02 VBOX  )
[    0.000000] ACPI: XSDT 0x000000003FFF0030 00003C (v01 VBOX   VBOXXSDT 00000001 ASL  00000061)
[    0.000000] ACPI: FACP 0x000000003FFF00F0 0000F4 (v04 VBOX   VBOXFACP 00000001 ASL  00000061)
[    0.000000] ACPI: DSDT 0x000000003FFF0470 0021C8 (v02 VBOX   VBOXBIOS 00000002 INTL 20100528)
[    0.000000] ACPI: FACS 0x000000003FFF0200 000040
[    0.000000] ACPI: FACS 0x000000003FFF0200 000040
[    0.000000] ACPI: APIC 0x000000003FFF0240 00005C (v02 VBOX   VBOXAPIC 00000001 ASL  00000061)
[    0.000000] ACPI: SSDT 0x000000003FFF02A0 0001CC (v01 VBOX   VBOXCPUT 00000002 INTL 20100528)
[    0.000000] No NUMA configuration found
[    0.000000] Faking a node at [mem 0x0000000000000000-0x000000003ffeffff]
[    0.000000] NODE_DATA(0) allocated [mem 0x3ffeb000-0x3ffeffff]
[    0.000000] kvm-clock: Using msrs 4b564d01 and 4b564d00
[    0.000000] kvm-clock: cpu 0, msr 0:3ffe3001, primary cpu clock
[    0.000000] kvm-clock: using sched offset of 4879600962 cycles
[    0.000000] clocksource: kvm-clock: mask: 0xffffffffffffffff max_cycles: 0x1cd42e4dffb, max_idle_ns: 881590591483 ns
[    0.000000] Zone ranges:
[    0.000000]   DMA      [mem 0x0000000000001000-0x0000000000ffffff]
[    0.000000]   DMA32    [mem 0x0000000001000000-0x000000003ffeffff]
[    0.000000]   Normal   empty
[    0.000000]   Device   empty
[    0.000000] Movable zone start for each node
[    0.000000] Early memory node ranges
[    0.000000]   node   0: [mem 0x0000000000001000-0x000000000009efff]
[    0.000000]   node   0: [mem 0x0000000000100000-0x000000003ffeffff]
[    0.000000] Initmem setup node 0 [mem 0x0000000000001000-0x000000003ffeffff]
[    0.000000] ACPI: PM-Timer IO Port: 0x4008
[    0.000000] IOAPIC[0]: apic_id 2, version 32, address 0xfec00000, GSI 0-23
[    0.000000] ACPI: INT_SRC_OVR (bus 0 bus_irq 0 global_irq 2 dfl dfl)
[    0.000000] ACPI: INT_SRC_OVR (bus 0 bus_irq 9 global_irq 9 high level)
[    0.000000] Using ACPI (MADT) for SMP configuration information
[    0.000000] smpboot: Allowing 2 CPUs, 0 hotplug CPUs
[    0.000000] PM: Registered nosave memory: [mem 0x00000000-0x00000fff]
[    0.000000] PM: Registered nosave memory: [mem 0x0009f000-0x0009ffff]
[    0.000000] PM: Registered nosave memory: [mem 0x000a0000-0x000effff]
[    0.000000] PM: Registered nosave memory: [mem 0x000f0000-0x000fffff]
[    0.000000] e820: [mem 0x40000000-0xfebfffff] available for PCI devices
[    0.000000] Booting paravirtualized kernel on KVM
[    0.000000] clocksource: refined-jiffies: mask: 0xffffffff max_cycles: 0xffffffff, max_idle_ns: 7645519600211568 ns
[    0.000000] setup_percpu: NR_CPUS:512 nr_cpumask_bits:512 nr_cpu_ids:2 nr_node_ids:1
[    0.000000] PERCPU: Embedded 34 pages/cpu @ffff88003fc00000 s98328 r8192 d32744 u1048576
[    0.000000] PV qspinlock hash table entries: 256 (order: 0, 4096 bytes)
[    0.000000] Built 1 zonelists in Node order, mobility grouping on.  Total pages: 257913
[    0.000000] Policy zone: DMA32
[    0.000000] Kernel command line: BOOT_IMAGE=/boot/vmlinuz-4.4.0-98-generic root=LABEL=cloudimg-rootfs ro console=tty1 console=ttyS0
[    0.000000] PID hash table entries: 4096 (order: 3, 32768 bytes)
[    0.000000] Memory: 1001728K/1048120K available (8484K kernel code, 1294K rwdata, 3988K rodata, 1492K init, 1316K bss, 46392K reserved, 0K cma-reserved)
[    0.000000] SLUB: HWalign=64, Order=0-3, MinObjects=0, CPUs=2, Nodes=1
[    0.000000] Hierarchical RCU implementation.
[    0.000000] 	Build-time adjustment of leaf fanout to 64.
[    0.000000] 	RCU restricting CPUs from NR_CPUS=512 to nr_cpu_ids=2.
[    0.000000] RCU: Adjusting geometry for rcu_fanout_leaf=64, nr_cpu_ids=2
[    0.000000] NR_IRQS:33024 nr_irqs:440 16
[    0.000000] Console: colour VGA+ 80x25
[    0.000000] console [tty1] enabled
[    0.000000] console [ttyS0] enabled
[    0.000000] tsc: Detected 2400.000 MHz processor
[    5.882956] Calibrating delay loop (skipped) preset value.. 4800.00 BogoMIPS (lpj=9600000)
[    5.885908] pid_max: default: 32768 minimum: 301
[    5.889511] ACPI: Core revision 20150930
[    5.898240] ACPI: 2 ACPI AML tables successfully acquired and loaded
[    5.938049] Security Framework initialized
[    5.939329] Yama: becoming mindful.
[    5.940444] AppArmor: AppArmor initialized
[    5.941764] Dentry cache hash table entries: 131072 (order: 8, 1048576 bytes)
[    5.967151] Inode-cache hash table entries: 65536 (order: 7, 524288 bytes)
[    6.095302] Mount-cache hash table entries: 2048 (order: 2, 16384 bytes)
[    6.192960] Mountpoint-cache hash table entries: 2048 (order: 2, 16384 bytes)
[    6.333975] Initializing cgroup subsys io
[    6.394325] Initializing cgroup subsys memory
[    6.470487] Initializing cgroup subsys devices
[    6.522793] Initializing cgroup subsys freezer
[    6.598346] Initializing cgroup subsys net_cls
[    6.625442] Initializing cgroup subsys perf_event
[    6.726642] Initializing cgroup subsys net_prio
[    6.794609] Initializing cgroup subsys hugetlb
[    6.862867] Initializing cgroup subsys pids
[    6.883724] CPU: Physical Processor ID: 0
[    6.887567] CPU: Processor Core ID: 0
[    6.892227] mce: CPU supports 0 MCE banks
[    6.893756] Last level iTLB entries: 4KB 64, 2MB 8, 4MB 8
[    6.895447] Last level dTLB entries: 4KB 64, 2MB 0, 4MB 0, 1GB 4
[    6.900512] Freeing SMP alternatives memory: 32K
[    6.912334] ftrace: allocating 32154 entries in 126 pages
[    6.990988] smpboot: APIC(0) Converting physical 0 to logical package 0
[    7.039467] smpboot: Max logical packages: 1
[    7.083911] x2apic enabled
[    7.107370] Switched APIC routing to physical x2apic.
[    7.140377] ..TIMER: vector=0x30 apic1=0 pin1=2 apic2=-1 pin2=-1
[    7.342429] smpboot: CPU0: Intel(R) Core(TM) i7-6660U CPU @ 2.40GHz (family: 0x6, model: 0x4e, stepping: 0x3)
[    7.452985] Performance Events: unsupported p6 CPU model 78 no PMU driver, software events only.
[    7.524394] KVM setup paravirtual spinlock
[    7.548665] x86: Booting SMP configuration:
[    7.552649] .... node  #0, CPUs:      #1
[    7.554375] kvm-clock: cpu 1, msr 0:3ffe3041, secondary cpu clock
[    7.577146] mce: CPU supports 0 MCE banks
[    7.588396] x86: Booted up 1 node, 2 CPUs
[    7.634282] smpboot: Total of 2 processors activated (9600.00 BogoMIPS)
[    7.743705] devtmpfs: initialized
[    7.802011] evm: security.selinux
[    7.860942] evm: security.SMACK64
[    7.924692] evm: security.SMACK64EXEC
[    7.979328] evm: security.SMACK64TRANSMUTE
[    8.044641] evm: security.SMACK64MMAP
[    8.100107] evm: security.ima
[    8.147039] evm: security.capability
[    8.204771] clocksource: jiffies: mask: 0xffffffff max_cycles: 0xffffffff, max_idle_ns: 7645041785100000 ns
[    8.360466] futex hash table entries: 512 (order: 3, 32768 bytes)
[    8.451290] pinctrl core: initialized pinctrl subsystem
[    8.540909] RTC time: 23:31:19, date: 03/30/18
[    8.610588] NET: Registered protocol family 16
[    8.690007] cpuidle: using governor ladder
[    8.753417] cpuidle: using governor menu
[    8.814387] PCCT header not found.
[    8.850531] ACPI: bus type PCI registered
[    8.918512] acpiphp: ACPI Hot Plug PCI Controller Driver version: 0.5
[    9.013032] PCI: Using configuration type 1 for base access
[    9.108077] ACPI: Added _OSI(Module Device)
[    9.132022] ACPI: Added _OSI(Processor Device)
[    9.139402] ACPI: Added _OSI(3.0 _SCP Extensions)
[    9.141685] ACPI: Added _OSI(Processor Aggregator Device)
[    9.146467] ACPI: Executed 1 blocks of module-level executable AML code
[    9.168452] ACPI: Interpreter enabled
[    9.185348] ACPI: (supports S0 S5)
[    9.187871] ACPI: Using IOAPIC for interrupt routing
[    9.192299] PCI: Using host bridge windows from ACPI; if necessary, use "pci=nocrs" and report a bug
[    9.290624] ACPI: PCI Root Bridge [PCI0] (domain 0000 [bus 00-ff])
[    9.303609] acpi PNP0A03:00: _OSC: OS supports [ASPM ClockPM Segments MSI]
[    9.305743] acpi PNP0A03:00: _OSC failed (AE_NOT_FOUND); disabling ASPM
[    9.307630] acpi PNP0A03:00: fail to add MMCONFIG information, can't access extended PCI configuration space under this bridge.
[    9.311560] PCI host bridge to bus 0000:00
[    9.312884] pci_bus 0000:00: root bus resource [io  0x0000-0x0cf7 window]
[    9.314819] pci_bus 0000:00: root bus resource [io  0x0d00-0xffff window]
[    9.318052] pci_bus 0000:00: root bus resource [mem 0x000a0000-0x000bffff window]
[    9.320466] pci_bus 0000:00: root bus resource [mem 0x40000000-0xffdfffff window]
[    9.322868] pci_bus 0000:00: root bus resource [bus 00-ff]
[    9.331837] pci 0000:00:01.1: legacy IDE quirk: reg 0x10: [io  0x01f0-0x01f7]
[    9.468527] pci 0000:00:01.1: legacy IDE quirk: reg 0x14: [io  0x03f6]
[    9.570242] pci 0000:00:01.1: legacy IDE quirk: reg 0x18: [io  0x0170-0x0177]
[    9.691766] pci 0000:00:01.1: legacy IDE quirk: reg 0x1c: [io  0x0376]
[    9.825195] pci 0000:00:07.0: quirk: [io  0x4000-0x403f] claimed by PIIX4 ACPI
[    9.944095] pci 0000:00:07.0: quirk: [io  0x4100-0x410f] claimed by PIIX4 SMB
[   10.050048] ACPI: PCI Interrupt Link [LNKA] (IRQs 5 9 10 *11)
[   10.072242] ACPI: PCI Interrupt Link [LNKB] (IRQs 5 9 10 *11)
[   10.142179] ACPI: PCI Interrupt Link [LNKC] (IRQs 5 9 *10 11)
[   10.181056] ACPI: PCI Interrupt Link [LNKD] (IRQs 5 *9 10 11)
[   10.190126] ACPI: Enabled 2 GPEs in block 00 to 07
[   10.192281] vgaarb: setting as boot device: PCI:0000:00:02.0
[   10.194075] vgaarb: device added: PCI:0000:00:02.0,decodes=io+mem,owns=io+mem,locks=none
[   10.196533] vgaarb: loaded
[   10.197441] vgaarb: bridge control possible 0000:00:02.0
[   10.206338] SCSI subsystem initialized
[   10.222999] ACPI: bus type USB registered
[   10.233515] usbcore: registered new interface driver usbfs
[   10.265088] usbcore: registered new interface driver hub
[   10.268390] usbcore: registered new device driver usb
[   10.281372] PCI: Using ACPI for IRQ routing
[   10.284505] NetLabel: Initializing
[   10.291295] NetLabel:  domain hash size = 128
[   10.295012] NetLabel:  protocols = UNLABELED CIPSOv4
[   10.307692] NetLabel:  unlabeled traffic allowed by default
[   10.318843] amd_nb: Cannot enumerate AMD northbridges
[   10.344653] clocksource: Switched to clocksource kvm-clock
[   10.378620] AppArmor: AppArmor Filesystem Enabled
[   10.518209] pnp: PnP ACPI init
[   10.536239] pnp: PnP ACPI: found 3 devices
[   10.649743] clocksource: acpi_pm: mask: 0xffffff max_cycles: 0xffffff, max_idle_ns: 2085701024 ns
[   10.755584] NET: Registered protocol family 2
[   10.757109] TCP established hash table entries: 8192 (order: 4, 65536 bytes)
[   10.792706] TCP bind hash table entries: 8192 (order: 5, 131072 bytes)
[   10.966889] TCP: Hash tables configured (established 8192 bind 8192)
[   11.111228] UDP hash table entries: 512 (order: 2, 16384 bytes)
[   11.174633] UDP-Lite hash table entries: 512 (order: 2, 16384 bytes)
[   11.276975] NET: Registered protocol family 1
[   11.303590] pci 0000:00:00.0: Limiting direct PCI/PCI transfers
[   11.396132] pci 0000:00:01.0: Activating ISA DMA hang workarounds
[   11.554728] Unpacking initramfs...
[   13.395805] Freeing initrd memory: 10836K
[   13.484287] platform rtc_cmos: registered platform RTC device (no PNP device found)
[   13.688229] Scanning for low memory corruption every 60 seconds
[   13.782780] audit: initializing netlink subsys (disabled)
[   13.795558] audit: type=2000 audit(1522452681.382:1): initialized
[   13.797661] Initialise system trusted keyring
[   13.800443] HugeTLB registered 2 MB page size, pre-allocated 0 pages
[   13.806708] zbud: loaded
[   13.814656] VFS: Disk quotas dquot_6.6.0
[   13.856482] VFS: Dquot-cache hash table entries: 512 (order 0, 4096 bytes)
[   13.909900] squashfs: version 4.0 (2009/01/31) Phillip Lougher
[   13.912940] fuse init (API version 7.23)
[   13.920216] Key type big_key registered
[   13.923590] Allocating IMA MOK and blacklist keyrings.
[   13.932962] Key type asymmetric registered
[   13.952257] Asymmetric key parser 'x509' registered
[   13.988169] Block layer SCSI generic (bsg) driver version 0.4 loaded (major 249)
[   14.071701] io scheduler noop registered
[   14.111639] io scheduler deadline registered (default)
[   14.146305] io scheduler cfq registered
[   14.248711] pci_hotplug: PCI Hot Plug PCI Core version: 0.5
[   14.349022] pciehp: PCI Express Hot Plug Controller Driver version: 0.4
[   14.506867] tsc: Refined TSC clocksource calibration: 2400.666 MHz
[   14.543962] clocksource: tsc: mask: 0xffffffffffffffff max_cycles: 0x229aacb7176, max_idle_ns: 440795249372 ns
[   14.544388] ACPI: AC Adapter [AC] (off-line)
`ÿ[   14.544443] input: Power Button as /devices/LNXSYSTM:00/LNXPWRBN:00/input/input0
[   14.544448] ACPI: Power Button [PWRF]
[   14.544553] input: Sleep Button as /devices/LNXSYSTM:00/LNXSLPBN:00/input/input1
[   14.544554] ACPI: Sleep Button [SLPF]
[   14.746465] GHES: HEST is not enabled!
[   14.747527] ACPI: Battery Slot [BAT0] (battery present)
[   14.747575] Serial: 8250/16550 driver, 32 ports, IRQ sharing enabled
[   14.885444] 00:02: ttyS0 at I/O 0x3f8 (irq = 4, base_baud = 115200) is a 16550A
[   14.946917] Linux agpgart interface v0.103
[   14.984060] loop: module loaded
[   14.984675] scsi host0: ata_piix
[   14.984721] scsi host1: ata_piix
[   14.984748] ata1: PATA max UDMA/33 cmd 0x1f0 ctl 0x3f6 bmdma 0xd000 irq 14
[   14.984748] ata2: PATA max UDMA/33 cmd 0x170 ctl 0x376 bmdma 0xd008 irq 15
[   14.984828] libphy: Fixed MDIO Bus: probed
[   14.984833] tun: Universal TUN/TAP device driver, 1.6
[   14.984833] tun: (C) 1999-2004 Max Krasnyansky <maxk@qualcomm.com>
[   14.985567] PPP generic driver version 2.4.2
[   14.985711] ehci_hcd: USB 2.0 'Enhanced' Host Controller (EHCI) Driver
[   14.985720] ehci-pci: EHCI PCI platform driver
[   14.985752] ehci-platform: EHCI generic platform driver
[   14.985765] ohci_hcd: USB 1.1 'Open' Host Controller (OHCI) Driver
[   14.985770] ohci-pci: OHCI PCI platform driver
[   14.985779] ohci-platform: OHCI generic platform driver
[   14.985790] uhci_hcd: USB Universal Host Controller Interface driver
[   14.985872] i8042: PNP: PS/2 Controller [PNP0303:PS2K,PNP0f03:PS2M] at 0x60,0x64 irq 1,12
[   15.102268] serio: i8042 KBD port at 0x60,0x64 irq 1
[   15.102277] serio: i8042 AUX port at 0x60,0x64 irq 12
[   15.102643] mousedev: PS/2 mouse device common for all mice
[   15.103048] rtc_cmos rtc_cmos: rtc core: registered rtc_cmos as rtc0
[   15.103099] rtc_cmos rtc_cmos: alarms up to one day, 114 bytes nvram
[   15.103105] i2c /dev entries driver
[   15.103173] device-mapper: uevent: version 1.0.3
[   15.103287] device-mapper: ioctl: 4.34.0-ioctl (2015-10-28) initialised: dm-devel@redhat.com
[   15.103307] ledtrig-cpu: registered to indicate activity on CPUs
[   15.103598] NET: Registered protocol family 10
[   15.103740] NET: Registered protocol family 17
[   15.103752] Key type dns_resolver registered
[   15.151190] microcode: CPU0 sig=0x406e3, pf=0x2, revision=0x0
[   15.151249] microcode: CPU1 sig=0x406e3, pf=0x2, revision=0x0
[   15.151316] microcode: Microcode Update Driver: v2.01 <tigran@aivazian.fsnet.co.uk>, Peter Oruba
[   15.151433] registered taskstats version 1
[   15.151449] Loading compiled-in X.509 certificates
[   15.151962] Loaded X.509 cert 'Build time autogenerated kernel key: 7431eaeda5a51458aeb00f8de0f18f89e178d882'
[   15.151978] zswap: loaded using pool lzo/zbud
[   15.153533] Key type trusted registered
[   15.155277] Key type encrypted registered
[   15.155282] AppArmor: AppArmor sha1 policy hashing enabled
[   15.155284] ima: No TPM chip found, activating TPM-bypass!
[   15.155301] evm: HMAC attrs: 0x1
[   15.155636]   Magic number: 10:156:556
[   15.174619] rtc_cmos rtc_cmos: setting system clock to 2018-03-30 23:31:26 UTC (1522452686)
[   15.174752] BIOS EDD facility v0.16 2004-Jun-25, 0 devices found
[   15.174752] EDD information not available.
[   15.526578] input: AT Translated Set 2 keyboard as /devices/platform/i8042/serio0/input/input2
[   17.300175] Freeing unused kernel memory: 1492K
[   17.324638] Write protecting the kernel read-only data: 14336k
[   17.381062] Freeing unused kernel memory: 1744K
[   17.382682] Freeing unused kernel memory: 108K
Loading, please wait...
starting version 229
[   17.423200] random: systemd-udevd: uninitialized urandom read (16 bytes read, 5 bits of entropy available)
[   17.423982] random: udevadm: uninitialized urandom read (16 bytes read, 5 bits of entropy available)
[   17.424001] random: udevadm: uninitialized urandom read (16 bytes read, 5 bits of entropy available)
[   17.446064] random: udevadm: uninitialized urandom read (16 bytes read, 5 bits of entropy available)
[   17.446104] random: udevadm: uninitialized urandom read (16 bytes read, 5 bits of entropy available)
[   17.446232] random: udevadm: uninitialized urandom read (16 bytes read, 5 bits of entropy available)
[   17.446278] random: udevadm: uninitialized urandom read (16 bytes read, 5 bits of entropy available)
[   17.446326] random: udevadm: uninitialized urandom read (16 bytes read, 5 bits of entropy available)
[   17.446370] random: udevadm: uninitialized urandom read (16 bytes read, 5 bits of entropy available)
[   17.446414] random: udevadm: uninitialized urandom read (16 bytes read, 5 bits of entropy available)
[   17.713542] e1000: Intel(R) PRO/1000 Network Driver - version 7.3.21-k8-NAPI
[   17.719417] e1000: Copyright (c) 1999-2006 Intel Corporation.
[   17.750925] Fusion MPT base driver 3.04.20
[   17.786349] Copyright (c) 1999-2008 LSI Corporation
[   17.815913] Fusion MPT SPI Host driver 3.04.20
[   17.837719] AVX version of gcm_enc/dec engaged.
[   17.845340] AES CTR mode by8 optimization enabled
[   18.014112] input: ImExPS/2 Generic Explorer Mouse as /devices/platform/i8042/serio1/input/input4
[   18.268661] e1000 0000:00:03.0 eth0: (PCI:33MHz:32-bit) 02:0a:1a:84:64:1f
[   18.375648] e1000 0000:00:03.0 eth0: Intel(R) PRO/1000 Network Connection
[   18.839547] e1000 0000:00:08.0 eth1: (PCI:33MHz:32-bit) 08:00:27:19:e3:c5
[   18.910405] e1000 0000:00:08.0 eth1: Intel(R) PRO/1000 Network Connection
[   18.941597] mptbase: ioc0: Initiating bringup
[   18.942252] e1000 0000:00:03.0 enp0s3: renamed from eth0
[   19.085715] e1000 0000:00:08.0 enp0s8: renamed from eth1
[   19.205073] ioc0: LSI53C1030 A0: Capabilities={Initiator}
[   19.435436] scsi host2: ioc0: LSI53C1030 A0, FwRev=00000000h, Ports=1, MaxQ=256, IRQ=20
[   19.693808] scsi 2:0:0:0: Direct-Access     VBOX     HARDDISK         1.0  PQ: 0 ANSI: 5
[   19.730582] scsi target2:0:0: Beginning Domain Validation
[   19.736450] scsi target2:0:0: Domain Validation skipping write tests
[   19.799055] scsi target2:0:0: Ending Domain Validation
[   19.894160] scsi target2:0:0: asynchronous
[   19.988799] scsi 2:0:1:0: Direct-Access     VBOX     HARDDISK         1.0  PQ: 0 ANSI: 5
[   20.080773] scsi target2:0:1: Beginning Domain Validation
[   20.135617] scsi target2:0:1: Domain Validation skipping write tests
[   20.196345] scsi target2:0:1: Ending Domain Validation
[   20.259842] scsi target2:0:1: asynchronous
[   20.277084] sd 2:0:0:0: [sda] 20971520 512-byte logical blocks: (10.7 GB/10.0 GiB)
[   20.379847] sd 2:0:0:0: Attached scsi generic sg0 type 0
[   20.469927] sd 2:0:1:0: [sdb] 20480 512-byte logical blocks: (10.5 MB/10.0 MiB)
[   20.470129] sd 2:0:1:0: Attached scsi generic sg1 type 0
[   20.687290] sd 2:0:0:0: [sda] Write Protect is off
[   20.687504] sd 2:0:1:0: [sdb] Write Protect is off
[   20.687755] sd 2:0:1:0: [sdb] Incomplete mode parameter data
[   20.687757] sd 2:0:1:0: [sdb] Assuming drive cache: write through
[   20.726932] sd 2:0:0:0: [sda] Incomplete mode parameter data
[   20.735193] sd 2:0:0:0: [sda] Assuming drive cache: write through
[   20.739322] sd 2:0:1:0: [sdb] Attached SCSI disk
[   20.749732]  sda: sda1
[   20.754049] sd 2:0:0:0: [sda] Attached SCSI disk
[   20.880934] floppy0: no floppy controllers found
Begin: Loading e[   22.240556] md: linear personality registered for level -1
ssential drivers[   22.373516] md: multipath personality registered for level -4
 ... [   22.502327] md: raid0 personality registered for level 0
[   22.573431] md: raid1 personality registered for level 1
[   22.741350] raid6: sse2x1   gen()  8457 MB/s
[   22.876661] raid6: sse2x1   xor()  5290 MB/s
[   23.004943] raid6: sse2x2   gen()  7524 MB/s
[   23.108726] raid6: sse2x2   xor()  5784 MB/s
[   23.201118] raid6: sse2x4   gen() 11730 MB/s
[   23.324798] raid6: sse2x4   xor()  7838 MB/s
[   23.380237] raid6: using algorithm sse2x4 gen() 11730 MB/s
[   23.430391] raid6: .... xor() 7838 MB/s, rmw enabled
[   23.455690] raid6: using ssse3x2 recovery algorithm
[   23.505236] xor: automatically using best checksumming function:
[   23.625247]    avx       : 32499.000 MB/sec
[   23.729179] async_tx: api initialized (async)
[   23.808813] md: raid6 personality registered for level 6
[   23.875126] md: raid5 personality registered for level 5
[   23.918931] md: raid4 personality registered for level 4
[   24.027833] md: raid10 personality registered for level 10
done.
Begin: Running /scripts/init-premount ... done[   24.263909] Btrfs loaded
.
Begin: Mounting root file system ... Begin: Running /scripts/local-top ... do[   24.321550] EXT4-fs (sda1): INFO: recovery required on readonly filesystem
ne.
Begin: Runn[   24.384317] EXT4-fs (sda1): write access will be enabled during recovery
ing /scripts/local-premount ... [   24.458121] EXT4-fs (sda1): recovery complete
Scanning for Btrfs filesystems
done.
Warning: [   24.483305] EXT4-fs (sda1): mounted filesystem with ordered data mode. Opts: (null)
fsck not present, so skipping root file system
done.
Begin: Running /scripts/local-bottom ... done.
Begin: Running /scripts/init-bottom ... done.
[   24.626241] systemd[1]: systemd 229 running in system mode. (+PAM +AUDIT +SELINUX +IMA +APPARMOR +SMACK +SYSVINIT +UTMP +LIBCRYPTSETUP +GCRYPT +GNUTLS +ACL +XZ -LZ4 +SECCOMP +BLKID +ELFUTILS +KMOD -IDN)
[   24.857884] systemd[1]: Detected virtualization oracle.
[   24.924251] systemd[1]: Detected architecture x86-64.

Welcome to [1mUbuntu 16.04.3 LTS[0m!

[   25.034302] systemd[1]: Set hostname to <ubuntu-xenial>.
[   25.228004] systemd[1]: Created slice User and Session Slice.
[[0;32m  OK  [0m] Created slice User and Session Slice.
[   25.353323] systemd[1]: Listening on Device-mapper event daemon FIFOs.
[[0;32m  OK  [0m] Listening on Device-mapper event daemon FIFOs.
[   25.458294] systemd[1]: Reached target Encrypted Volumes.
[[0;32m  OK  [0m] Reached target Encrypted Volumes.
[   25.506261] systemd[1]: Set up automount Arbitrary Executable File Formats File System Automount Point.
[[0;32m  OK  [0m] Set up automount Arbitrary Executab...ats File System Automount Point.
[   25.637692] systemd[1]: Listening on /dev/initctl Compatibility Named Pipe.
[[0;32m  OK  [0m] Listening on /dev/initctl Compatibility Named Pipe.
[   25.829682] systemd[1]: Listening on Journal Audit Socket.
[[0;32m  OK  [0m] Listening on Journal Audit Socket.
[   25.965712] systemd[1]: Listening on LVM2 metadata daemon socket.
[[0;32m  OK  [0m] Listening on LVM2 metadata daemon socket.
[   26.110111] systemd[1]: Listening on udev Control Socket.
[[0;32m  OK  [0m] Listening on udev Control Socket.
[   26.188125] systemd[1]: Listening on Syslog Socket.
[[0;32m  OK  [0m] Listening on Syslog Socket.
[   26.271912] systemd[1]: Listening on LVM2 poll daemon socket.
[[0;32m  OK  [0m] Listening on LVM2 poll daemon socket.
[   26.321122] systemd[1]: Listening on Journal Socket (/dev/log).
[[0;32m  OK  [0m] Listening on Journal Socket (/dev/log).
[   26.349315] systemd[1]: Listening on udev Kernel Socket.
[[0;32m  OK  [0m] Listening on udev Kernel Socket.
[   26.389422] systemd[1]: Started Trigger resolvconf update for networkd DNS.
[[0;32m  OK  [0m] Started Trigger resolvconf update for networkd DNS.
[   26.425286] systemd[1]: Started Forward Password Requests to Wall Directory Watch.
[[0;32m  OK  [0m] Started Forward Password Requests to Wall Directory Watch.
[   26.473525] systemd[1]: Created slice System Slice.
[[0;32m  OK  [0m] Created slice System Slice.
[   26.521966] systemd[1]: Created slice system-serial\x2dgetty.slice.
[[0;32m  OK  [0m] Created slice system-serial\x2dgetty.slice.
[   26.558915] systemd[1]: Reached target Slices.
[[0;32m  OK  [0m] Reached target Slices.
[   26.601427] systemd[1]: Listening on Journal Socket.
[[0;32m  OK  [0m] Listening on Journal Socket.
[   26.728998] systemd[1]: Starting Create list of required static device nodes for the current kernel...
[   26.730096] random: nonblocking pool is initialized
         Starting Create list of required st... nodes for the current kernel...
[   26.821399] systemd[1]: Starting Monitoring of LVM2 mirrors, snapshots etc. using dmeventd or progress polling...
         Starting Monitoring of LVM2 mirrors... dmeventd or progress polling...
[   26.909947] systemd[1]: Starting Remount Root and Kernel File Systems...
[   26.917225] EXT4-fs (sda1): re-mounted. Opts: (null)
         Starting Remount Root and Kernel File Systems...
[   26.965732] systemd[1]: Starting Uncomplicated firewall...
         Starting Uncomplicated firewall...
[   27.021384] systemd[1]: Mounting Debug File System...
         Mounting Debug File System...
[   27.065164] systemd[1]: Starting Set console keymap...
         Starting Set console keymap...
[   27.106536] systemd[1]: Mounting Huge Pages File System...
         Mounting Huge Pages File System...
[   27.177291] systemd[1]: Starting Nameserver information manager...
         Starting Nameserver information manager...
[   27.217252] systemd[1]: Starting Load Kernel Modules...
[   27.226589] Loading iSCSI transport class v2.0-870.
         Starting Load Kernel Mo[   27.330950] iscsi: registered transport (tcp)
dules...
[   27.448916] systemd[1]: Mounting POSIX Message Queue File System...
         Mountin[   27.490450] iscsi: registered transport (iser)
g POSIX Message Queue File System...
[   27.625970] systemd[1]: Reached target User and Group Name Lookups.
[[0;32m  OK  [0m] Reached target User and Group Name Lookups.
[   27.684179] systemd[1]: Reached target Swap.
[[0;32m  OK  [0m] Reached target Swap.
[   27.765044] systemd[1]: Starting Journal Service...
         Starting Journal Service...
[   27.878727] systemd[1]: Mounted Debug File System.
[[0;32m  OK  [0m] Mounted Debug File System.
[   27.909937] systemd[1]: Mounted Huge Pages File System.
[[0;32m  OK  [0m] Mounted Huge Pages File System.
[   27.949203] systemd[1]: Mounted POSIX Message Queue File System.
[[0;32m  OK  [0m] Mounted POSIX Message Queue File System.
[   27.997604] systemd[1]: Started Journal Service.
[[0;32m  OK  [0m] Started Journal Service.
[[0;32m  OK  [0m] Started Create list of required sta...ce nodes for the current kernel.
[[0;32m  OK  [0m] Started Remount Root and Kernel File Systems.
[[0;32m  OK  [0m] Started Uncomplicated firewall.
[[0;32m  OK  [0m] Started Set console keymap.
[[0;32m  OK  [0m] Started Load Kernel Modules.
[[0;32m  OK  [0m] Started Nameserver information manager.
[[0;32m  OK  [0m] Started LVM2 metadata daemon.
         Mounting FUSE Control File System...
         Starting Apply Kernel Variables...
         Starting Load/Save Random Seed...
         Starting Initial cloud-init job (pre-networking)...
         Starting udev Coldplug all Devices...
         Starting Create Static Device Nodes in /dev...
         Starting Flush Journal to Persistent Storage...
[[0;32m  OK  [0m] Mounted FUSE Control File System.
[[0;32m  OK  [0m] Started Monitoring of LVM2 mirrors,...ng dmeventd or progress polling.
[[0;32m  OK  [0m] Started Apply Kernel Variables.
[[0;32m  OK  [0m] Started Load/Save Random Seed.
[[0;32m  OK  [0m] Started Create Static Device Nodes in /dev.
[[0;32m  OK  [0m] Started udev Coldplug all Devices.
         Starting udev Kernel Device Manager...
[[0;32m  OK  [0m] Started Flush Journal to Persistent Storage.
[[0;32m  OK  [0m] Started udev Kernel Device Manager.
[[0;32m  OK  [0m] Reached target Local File Systems (Pre).
[[0;32m  OK  [0m] Reached target Local File Systems.
         Starting LSB: AppArmor initialization...
         Starting Set console font and keymap...
         Starting Create Volatile Files and Directories...
         Starting Tell Plymouth To Write Out Runtime Data...
[[0;32m  OK  [0m] Started Dispatch Password Requests to Console Directory Watch.
[[0;32m  OK  [0m] Started Create Volatile Files and Directories.
[[0;32m  OK  [0m] Started Tell Plymouth To Write Out Runtime Data.
[[0;32m  OK  [0m] Found device /dev/ttyS0.
[[0;32m  OK  [0m] Reached target System Time Synchronized.
         Starting Update UTMP about System Boot/Shutdown...
[[0;32m  OK  [0m] Started LSB: AppArmor initialization.
[   20.847901] cloud-init[455]: Cloud-init v. 0.7.9 running 'init-local' at Fri, 30 Mar 2018 23:31:41 +0000. Up 20.27 seconds.
[[0;32m  OK  [0m] Started Update UTMP about System Boot/Shutdown.
[[0;32m  OK  [0m] Started Set console font and keymap.
[[0;32m  OK  [0m] Started Initial cloud-init job (pre-networking).
[[0;32m  OK  [0m] Reached target Network (Pre).
[[0;32m  OK  [0m] Started ifup for enp0s8.
[[0;32m  OK  [0m] Started ifup for enp0s3.
[[0;32m  OK  [0m] Created slice system-getty.slice.
[[0;32m  OK  [0m] Listening on Load/Save RF Kill Switch Status /dev/rfkill Watch.
         Starting Raise network interfaces...
[[0;32m  OK  [0m] Started Raise network interfaces.
[[0;32m  OK  [0m] Reached target Network.
         Starting Initial cloud-init job (metadata service crawler)...
[   24.335187] cloud-init[1055]: Cloud-init v. 0.7.9 running 'init' at Fri, 30 Mar 2018 23:31:44 +0000. Up 23.68 seconds.
[   24.392681] cloud-init[1055]: ci-info: ++++++++++++++++++++++++++++++++++++++Net device info++++++++++++++++++++++++++++++++++++++
[   24.423609] cloud-init[1055]: ci-info: +--------+------+-----------------------------+---------------+-------+-------------------+
[   24.424173] cloud-init[1055]: ci-info: | Device |  Up  |           Address           |      Mask     | Scope |     Hw-Address    |
[   24.424862] cloud-init[1055]: ci-info: +--------+------+-----------------------------+---------------+-------+-------------------+
[   24.425565] cloud-init[1055]: ci-info: | enp0s3 | True |          10.0.2.15          | 255.255.255.0 |   .   | 02:0a:1a:84:64:1f |
[   24.426653] cloud-init[1055]: ci-info: | enp0s3 | True |  fe80::a:1aff:fe84:641f/64  |       .       |  link | 02:0a:1a:84:64:1f |
[   24.427446] cloud-init[1055]: ci-info: | enp0s8 | True |         192.168.55.4        | 255.255.255.0 |   .   | 08:00:27:19:e3:c5 |
[[0;32m  OK  [0m] Started Initial cloud-init job (metadata service crawler).
[   24.428983] cloud-init[1055]: ci-info: | enp0s8 | True | fe80::a00:27ff:fe19:e3c5/64 |       .       |  link | 08:00:27:19:e3:c5 |
[   24.429234] cloud-init[1055]: ci-info: |   lo   | True |          127.0.0.1          |   255.0.0.0   |   .   |         .         |
[   24.906580] cloud-init[1055]: ci-info: |   lo   | True |           ::1/128           |       .       |  host |         .         |
[   24.907402] cloud-init[1055]: ci-info: +--------+------+-----------------------------+---------------+-------+-------------------+
[[0;32m  OK  [0m] Reached target Cloud-config availability.
[   24.907499] cloud-init[1055]: ci-info: ++++++++++++++++++++++++++++Route IPv4 info++++++++++++++++++++++++++++
[   25.017726] cloud-init[1055]: ci-info: +-------+--------------+----------+---------------+-----------+-------+
[[0;32m  OK  [0m] Reached target Network is Online.
[   25.018105] cloud-init[1055]: ci-info: | Route | Destination  | Gateway  |    Genmask    | Interface | Flags |
[   25.176426] cloud-init[1055]: ci-info: +-------+--------------+----------+---------------+-----------+-------+
[   25.177110] cloud-init[1055]: ci-info: |   0   |   0.0.0.0    | 10.0.2.2 |    0.0.0.0    |   enp0s3  |   UG  |
         Starting iSCSI initiator daemon (iscsid)...
[[   25.177717] cloud-init[1055]: ci-info: |   1   |   10.0.2.0   | 0.0.0.0  | 255.255.255.0 |   enp0s3  |   U   |
[   25.293530] cloud-init[1055]: ci-info: |   2   | 192.168.55.0 | 0.0.0.0  | 255.255.255.0 |   enp0s8  |   U   |
[   25.293765] cloud-init[1055]: ci-info: +-------+--------------+----------+---------------+-----------+-------+
[0;32m  OK  [0m] Reached target System Initialization.
[[0;32m  OK  [0m] Listening on ACPID Listen Socket.
[[0;32m  OK  [0m] Listening on D-Bus System Message Bus Socket.
[[0;32m  OK  [0m] Started Daily apt download activities.
[[0;32m  OK  [0m] Started Daily apt upgrade and clean activities.
[[0;32m  OK  [0m] Started ACPI Events Check.
[[0;32m  OK  [0m] Reached target Paths.
         Starting LXD - unix socket.
[[0;32m  OK  [0m] Started Timer to automatically fetch and run repair assertions.
[[0;32m  OK  [0m] Listening on UUID daemon activation socket.
[[0;32m  OK  [0m] Started Daily Cleanup of Temporary Directories.
         Starting Socket activation for snappy daemon.
[[0;32m  OK  [0m] Started Timer to automatically refresh installed snaps.
[[0;32m  OK  [0m] Reached target Timers.
[[0;32m  OK  [0m] Listening on LXD - unix socket.
[[0;32m  OK  [0m] Listening on Socket activation for snappy daemon.
[[0;32m  OK  [0m] Started iSCSI initiator daemon (iscsid).
         Starting Login to default iSCSI targets...
[[0;32m  OK  [0m] Reached target Sockets.
[[0;32m  OK  [0m] Reached target Basic System.
[[0;32m  OK  [0m] Started ACPI event daemon.
         Starting The PHP 7.0 FastCGI Process Manager...
         Starting System Logging Service...
         Starting MySQL Community Server...
[[0;32m  OK  [0m] Started Deferred execution scheduler.
         Starting /etc/rc.local Compatibility...
         Starting Accounts Service...
         Starting LSB: MD monitoring daemon...
[[0;32m  OK  [0m] Started FUSE filesystem for LXC.
         Starting Snappy daemon...
         Starting Login Service...
[[0;32m  OK  [0m] Started Regular background program processing daemon.
[[0;32m  OK  [0m] Started Unattended Upgrades Shutdown.
         Starting Apply the settings specified in cloud-config...
[[0;32m  OK  [0m] Started D-Bus System Message Bus.
         Starting OpenBSD Secure Shell server...
         Starting A high performance web server and a reverse proxy server...
         Starting LSB: Record successful boot for GRUB...
         Starting LXD - container startup/shutdown...
[[0;32m  OK  [0m] Started System Logging Service.
[[0;32m  OK  [0m] Started Snappy daemon.
[[0;32m  OK  [0m] Started OpenBSD Secure Shell server.
[[0;32m  OK  [0m] Started /etc/rc.local Compatibility.
[[0;32m  OK  [0m] Started LXD - container startup/shutdown.
[[0;32m  OK  [0m] Started A high performance web server and a reverse proxy server.
[[0;32m  OK  [0m] Started The PHP 7.0 FastCGI Process Manager.
[[0;32m  OK  [0m] Started Login to default iSCSI targets.
[[0;32m  OK  [0m] Started LSB: MD monitoring daemon.
[[0;32m  OK  [0m] Started LSB: Record successful boot for GRUB.
[[0;32m  OK  [0m] Started Login Service.
         Starting Authenticate and Authorize Users to Run Privileged Tasks...
[[0;32m  OK  [0m] Reached target Remote File Systems (Pre).
[[0;32m  OK  [0m] Reached target Remote File Systems.
         Starting LSB: Set the CPU Frequency Scaling governor to "ondemand"...
         Starting LSB: daemon to balance interrupts for SMP systems...
         Starting Permit User Sessions...
         Starting LSB: automatic crash report generation...
[   28.147790] cloud-init[1167]: Cloud-init v. 0.7.9 running 'modules:config' at Fri, 30 Mar 2018 23:31:48 +0000. Up 27.79 seconds.
         Starting LSB: VirtualBox Linux Additions...
         Starting Auto import assertions from block devices...
[[0;32m  OK  [0m] Started Apply the settings specified in cloud-config.
[[0;32m  OK  [0m] Started Permit User Sessions.
[[0;32m  OK  [0m] Started Auto import assertions from block devices.
[[0;32m  OK  [0m] Started Authenticate and Authorize Users to Run Privileged Tasks.
[[0;32m  OK  [0m] Started Accounts Service.
[[0;32m  OK  [0m] Started LSB: Set the CPU Frequency Scaling governor to "ondemand".
[[0;32m  OK  [0m] Started LSB: daemon to balance interrupts for SMP systems.
[[0;32m  OK  [0m] Created slice User Slice of ubuntu.
[[0;32m  OK  [0m] Started Session 1 of user ubuntu.
         Starting User Manager for UID 1000...
         Starting Terminate Plymouth Boot Screen...
         Starting Hold until boot process finishes up...
[[0;32m  OK  [0m] Started User Manager for UID 1000.
[[0;32m  OK  [0m] Started LSB: automatic crash report generation.
[[0;32m  OK  [0m] Started LSB: VirtualBox Linux Additions.
[[0;32m  OK  [0m] Started Terminate Plymouth Boot Screen.
[[0;32m  OK  [0m] Started Hold until boot process finishes up.
         Starting Set console scheme...
[[0;32m  OK  [0m] Started Serial Getty on ttyS0.
[[0;32m  OK  [0m] Started Getty on tty1.
[[0;32m  OK  [0m] Reached target Login Prompts.
[[0;32m  OK  [0m] Started Set console scheme.
[[0;32m  OK  [0m] Started MySQL Community Server.
[[0;32m  OK  [0m] Reached target Multi-User System.
         Starting Execute cloud user/final scripts...
[[0;32m  OK  [0m] Reached target Graphical Interface.
         Starting Update UTMP about System Runlevel Changes...
[[0;32m  OK  [0m] Started Update UTMP about System Runlevel Changes.
[   30.071305] cloud-init[1420]: Cloud-init v. 0.7.9 running 'modules:final' at Fri, 30 Mar 2018 23:31:51 +0000. Up 29.94 seconds.
[   30.180995] [cloud-init[0;32m  OK  [0m[1420]: ] Cloud-init v. 0.7.9 finished at Fri, 30 Mar 2018 23:31:51 +0000. Datasource DataSourceNoCloud [seed=/dev/sdb][dsmode=net].  Up 30.05 secondsStarted Execute cloud user/final scripts.

[[0;32m  OK  [0m] Reached target Cloud-init target.

Ubuntu 16.04.3 LTS ubuntu-xenial ttyS0

ubuntu-xenial login: [[0;32m  OK  [0m] Stopped target Timers.0         Stopping LSB: VirtualBox Linux Additions...
         Stopping The PHP 7.0 FastCGI Process Manager...
         Stopping Deferred execution scheduler...
         Stopping LSB: Record successful boot for GRUB...
         Stopping LSB: automatic crash report generation...
         Stopping OpenBSD Secure Shell server...
         Stopping Authenticate and Authorize Users to Run Privileged Tasks...
         Stopping A high performance web server and a reverse proxy server...
         Stopping System Logging Service...
         Stopping Session 3 of user ubuntu.
         Stopping MySQL Community Server...
[[0;32m  OK  [0m] Unmounted /var/lib/lxcfs.
[[0;32m  OK  [0m] Stopped ACPI event daemon.
[[0;32m  OK  [0m] Stopped System Logging Service.
[[0;32m  OK  [0m] Stopped Deferred execution scheduler.
[[0;32m  OK  [0m] Stopped Accounts Service.
[[0;32m  OK  [0m] Stopped Snappy daemon.
[[0;32m  OK  [0m] Stopped Regular background program processing daemon.
[[0;32m  OK  [0m] Stopped OpenBSD Secure Shell server.
[[0;32m  OK  [0m] Stopped The PHP 7.0 FastCGI Process Manager.
[[0;32m  OK  [0m] Stopped Authenticate and Authorize Users to Run Privileged Tasks.
[[0;32m  OK  [0m] Stopped Serial Getty on ttyS0.
[[0;32m  OK  [0m] Stopped Getty on tty1.
[[0;32m  OK  [0m] Stopped User Manager for UID 1000.
[[0;32m  OK  [0m] Stopped Unattended Upgrades Shutdown.
[[0;32m  OK  [0m] Stopped D-Bus System Message Bus.
[[0;32m  OK  [0m] Stopped A high performance web server and a reverse proxy server.
[[0;32m  OK  [0m] Stopped Session 3 of user ubuntu.
[[0;32m  OK  [0m] Stopped FUSE filesystem for LXC.
[[0;32m  OK  [0m] Stopped LSB: daemon to balance interrupts for SMP systems.
[[0;32m  OK  [0m] Stopped LXD - container startup/shutdown.
[[0;32m  OK  [0m] Stopped LSB: MD monitoring daemon.
[[0;32m  OK  [0m] Stopped LSB: Set the CPU Frequency Scaling governor to "ondemand".
[[0;32m  OK  [0m] Stopped LSB: VirtualBox Linux Additions.
[[0;32m  OK  [0m] Stopped LSB: Record successful boot for GRUB.
[[0;32m  OK  [0m] Stopped LSB: automatic crash report generation.
[[0;32m  OK  [0m] Removed slice User Slice of ubuntu.
         Stopping Login Service...
[[0;32m  OK  [0m] Removed slice system-getty.slice.
         Stopping Permit User Sessions...
[[0;32m  OK  [0m] Stopped /etc/rc.local Compatibility.
[[0;32m  OK  [0m] Removed slice system-serial\x2dgetty.slice.
[[0;32m  OK  [0m] Stopped Login Service.
[[0;32m  OK  [0m] Stopped MySQL Community Server.
[[0;32m  OK  [0m] Stopped Permit User Sessions.
[[0;32m  OK  [0m] Stopped target Remote File Systems.
[[0;32m  OK  [0m] Stopped target Remote File Systems (Pre).
         Stopping Login to default iSCSI targets...
[[0;32m  OK  [0m] Stopped target User and Group Name Lookups.
[[0;32m  OK  [0m] Stopped target Basic System.
[[0;32m  OK  [0m] Stopped target Paths.
[[0;32m  OK  [0m] Stopped Forward Password Requests to Wall Directory Watch.
[[0;32m  OK  [0m] Stopped Dispatch Password Requests to Console Directory Watch.
[[0;32m  OK  [0m] Stopped ACPI Events Check.
[[0;32m  OK  [0m] Stopped target Slices.
[[0;32m  OK  [0m] Removed slice User and Session Slice.
[[0;32m  OK  [0m] Stopped target Sockets.
[[0;32m  OK  [0m] Closed LXD - unix socket.
[[0;32m  OK  [0m] Closed Syslog Socket.
[[0;32m  OK  [0m] Closed Socket activation for snappy daemon.
[[0;32m  OK  [0m] Closed ACPID Listen Socket.
[[0;32m  OK  [0m] Closed UUID daemon activation socket.
[[0;32m  OK  [0m] Closed D-Bus System Message Bus Socket.
[[0;32m  OK  [0m] Stopped target System Initialization.
         Stopping Load/Save Random Seed...
[[0;32m  OK  [0m] Stopped target Swap.
         Stopping Update UTMP about System Boot/Shutdown...
[[0;32m  OK  [0m] Stopped target Encrypted Volumes.
[[0;32m  OK  [0m] Stopped Load/Save Random Seed.
[[0;32m  OK  [0m] Stopped Login to default iSCSI targets.
[[0;32m  OK  [0m] Stopped Update UTMP about System Boot/Shutdown.
[[0;32m  OK  [0m] Stopped Create Volatile Files and Directories.
         Stopping iSCSI initiator daemon (iscsid)...
[[0;32m  OK  [0m] Stopped iSCSI initiator daemon (iscsid).
[[0;32m  OK  [0m] Stopped target Network is Online.
[[0;32m  OK  [0m] Stopped Initial cloud-init job (metadata service crawler).
[[0;32m  OK  [0m] Stopped target Network.
         Stopping Raise network interfaces...
[[0;32m  OK  [0m] Stopped Raise network interfaces.
[[0;32m  OK  [0m] Stopped target Network (Pre).
[[0;32m  OK  [0m] Stopped Initial cloud-init job (pre-networking).
[[0;32m  OK  [0m] Stopped Apply Kernel Variables.
[[0;32m  OK  [0m] Stopped target Local File Systems.
         Unmounting /vagrant...
         Unmounting /run/user/1000...
[[0;32m  OK  [0m] Stopped Load Kernel Modules.
[[0;32m  OK  [0m] Unmounted /vagrant.
[[0;32m  OK  [0m] Unmounted /run/user/1000.
[[0;32m  OK  [0m] Reached target Unmount All Filesystems.
[[0;32m  OK  [0m] Stopped target Local File Systems (Pre).
[[0;32m  OK  [0m] Stopped Remount Root and Kernel File Systems.
         Stopping Monitoring of LVM2 mirrors... dmeventd or progress polling...
[[0;32m  OK  [0m] Stopped Create Static Device Nodes in /dev.
[[0;32m  OK  [0m] Reached target Shutdown.
[  152.828326] reboot: Power down
